<?xml version="1.0" encoding="UTF-8"?>
<!-- Generated by org.testng.reporters.JUnitXMLReporter -->
<testsuite hostname="DESKTOP-52ODAGV" name="Test" tests="5" failures="0" timestamp="2 Jan 2022 18:26:13 GMT" time="4.035" errors="0">
  <testcase name="testcaseone" time="2.49" classname="org.testing.TestScripts.TC1"/>
  <testcase name="testcasetwo" time="0.165" classname="org.testing.TestScripts.TC2"/>
  <testcase name="testcasethree" time="0.173" classname="org.testing.TestScripts.TC3"/>
  <testcase name="testcasefour" time="0.684" classname="org.testing.TestScripts.TC4"/>
  <testcase name="testcasefive" time="0.47" classname="org.testing.TestScripts.TC5"/>
</testsuite> <!-- Test -->
