<?xml version="1.0" encoding="UTF-8"?>
<testng-results skipped="0" failed="0" total="1" passed="1">
  <reporter-output>
  </reporter-output>
  <suite name="Suite" duration-ms="64" started-at="2022-01-16T07:03:49Z" finished-at="2022-01-16T07:03:49Z">
    <groups>
    </groups>
    <test name="Test" duration-ms="64" started-at="2022-01-16T07:03:49Z" finished-at="2022-01-16T07:03:49Z">
      <class name="org.testing.demo.Demo">
        <test-method status="PASS" signature="Demoresult()[pri:0, instance:org.testing.demo.Demo@54c562f7]" name="Demoresult" duration-ms="20" started-at="2022-01-16T12:33:49Z" finished-at="2022-01-16T12:33:49Z">
          <reporter-output>
          </reporter-output>
        </test-method> <!-- Demoresult -->
      </class> <!-- org.testing.demo.Demo -->
    </test> <!-- Test -->
  </suite> <!-- Suite -->
</testng-results>
